Loading R/4.4.2-openblas-rocky8
  ERROR: Module cannot be loaded due to a conflict.
    HINT: Might try "module unload r-rich/4.4.2_msi1.2" first.
During startup - Warning messages:
1: Setting LC_CTYPE failed, using "C" 
2: Setting LC_COLLATE failed, using "C" 
3: Setting LC_TIME failed, using "C" 
4: Setting LC_MESSAGES failed, using "C" 
5: Setting LC_MONETARY failed, using "C" 
6: Setting LC_PAPER failed, using "C" 
7: Setting LC_MEASUREMENT failed, using "C" 

Attaching package: 'dplyr'

The following objects are masked from 'package:stats':

    filter, lag

The following objects are masked from 'package:base':

    intersect, setdiff, setequal, union

Loading required package: ggplot2
Loading required package: lattice
Warning: Your system is mis-configured: '/etc/localtime' is not a symlink
Warning: '/etc/localtime' is not identical to any known timezone file
Loading required package: foreach
Loading required package: iterators
Error in tic() : could not find function "tic"
Execution halted
